<?xml version="1.0" encoding="UTF-8"?>
<testng-results ignored="0" total="1" passed="1" failed="0" skipped="0">
  <reporter-output>
  </reporter-output>
  <suite started-at="2021-03-07T21:50:32 ICT" name="Default suite" finished-at="2021-03-07T21:50:41 ICT" duration-ms="9219">
    <groups>
    </groups>
    <test started-at="2021-03-07T21:50:32 ICT" name="Default test" finished-at="2021-03-07T21:50:41 ICT" duration-ms="9219">
      <class name="selenium.crudTest.TestUpdateFireFox">
        <test-method is-config="true" signature="starting()[pri:0, instance:selenium.crudTest.TestUpdateFireFox@96def03]" started-at="2021-03-07T21:50:32 ICT" name="starting" finished-at="2021-03-07T21:50:40 ICT" duration-ms="8578" status="PASS">
          <reporter-output>
          </reporter-output>
        </test-method> <!-- starting -->
        <test-method signature="checkUpdateRow()[pri:0, instance:selenium.crudTest.TestUpdateFireFox@96def03]" started-at="2021-03-07T21:50:40 ICT" name="checkUpdateRow" finished-at="2021-03-07T21:50:41 ICT" duration-ms="568" status="PASS">
          <reporter-output>
          </reporter-output>
        </test-method> <!-- checkUpdateRow -->
      </class> <!-- selenium.crudTest.TestUpdateFireFox -->
    </test> <!-- Default test -->
  </suite> <!-- Default suite -->
</testng-results>
