<?xml version="1.0" encoding="UTF-8"?>
<!-- Generated by org.testng.reporters.JUnitXMLReporter -->
<testsuite ignored="0" hostname="DESKTOP-SV2EMB9" failures="0" tests="3" name="Default test" time="17.05" errors="0" timestamp="2021-03-01T22:28:58 ICT">
  <testcase classname="selenium.showAccountTest.InsertTest" name="LaunchWebsite" time="6.235"/>
  <testcase classname="selenium.showAccountTest.InsertTest" name="FillLoginDetails" time="2.683"/>
  <testcase classname="selenium.showAccountTest.InsertTest" name="DoLogin" time="5.1"/>
</testsuite> <!-- Default test -->
